	Exporter version: 4.6.1, Blender version: 2.79 (sub 0)
========= Conversion from Blender to Babylon.js =========
	Scene settings used:
		selected layers only:  false
		flat shading entire scene:  false
		inline textures:  false
		texture directory:  C:\Users\sefir\Desktop\4rd semester\Computer Graphics\Lab CG\CG Ball\CG Ball\bridge\
	Python World class constructor completed
	WARNING: No active camera has been assigned, or is not in a currently selected Blender layer
	processing begun of node:  WoodHolders
	processing begun of mesh:  Box1
		processing begun of Standard material:  Standard1
			Diffuse texture found "wood2_jpg"
				Image texture found, type:  diffuseTexture, mapped using: "0"
		processing begun of Standard material:  Standard
			Diffuse texture found "rope_jpg"
				Image texture found, type:  diffuseTexture, mapped using: "0"
		processing begun of multimaterial:  bridge2.Multimaterial#0
		num positions      :  5992
		num normals        :  5992
		num uvs            :  11984
		num uvs2           :  0
		num colors         :  0
		num indices        :  13284
	processing begun of node:  RopeFloorHolders
	processing begun of node:  Floor
	processing begun of node:  Ropes
========= Writing of scene file started =========
========= Writing of scene file completed =========
========= end of processing =========
elapsed time:  0 min, 1.1114 secs
